events.js:160
      throw er; // Unhandled 'error' event
      ^

Error: Connection lost: The server closed the connection.
    at Protocol.end (/var/lib/ping-monitor/api/node_modules/mysql/lib/protocol/Protocol.js:109:13)
    at Socket.<anonymous> (/var/lib/ping-monitor/api/node_modules/mysql/lib/Connection.js:115:28)
    at emitNone (events.js:91:20)
    at Socket.emit (events.js:185:7)
    at endReadableNT (_stream_readable.js:974:12)
    at _combinedTickCallback (internal/process/next_tick.js:74:11)
    at process._tickCallback (internal/process/next_tick.js:98:9)
events.js:160
      throw er; // Unhandled 'error' event
      ^

Error: Connection lost: The server closed the connection.
    at Protocol.end (/var/lib/ping-monitor/api/node_modules/mysql/lib/protocol/Protocol.js:109:13)
    at Socket.<anonymous> (/var/lib/ping-monitor/api/node_modules/mysql/lib/Connection.js:115:28)
    at emitNone (events.js:91:20)
    at Socket.emit (events.js:185:7)
    at endReadableNT (_stream_readable.js:974:12)
    at _combinedTickCallback (internal/process/next_tick.js:74:11)
    at process._tickCallback (internal/process/next_tick.js:98:9)
events.js:160
      throw er; // Unhandled 'error' event
      ^

Error: Connection lost: The server closed the connection.
    at Protocol.end (/var/lib/ping-monitor/api/node_modules/mysql/lib/protocol/Protocol.js:109:13)
    at Socket.<anonymous> (/var/lib/ping-monitor/api/node_modules/mysql/lib/Connection.js:115:28)
    at emitNone (events.js:91:20)
    at Socket.emit (events.js:185:7)
    at endReadableNT (_stream_readable.js:974:12)
    at _combinedTickCallback (internal/process/next_tick.js:74:11)
    at process._tickCallback (internal/process/next_tick.js:98:9)
