listening on port 8080
most recent ping:  RowDataPacket {
  date: 2016-11-23T00:40:01.000Z,
  hostname: 'saycel-2016',
  IP: '10.99.0.6',
  TTL: 'ttl= 64',
  loss: ' 0% packet loss',
  ResponseTime: '3.50 ms ' }
2016
listening on port 8080
most recent ping:  RowDataPacket {
  date: 2016-11-30T18:30:01.000Z,
  hostname: 'saycel-2016',
  IP: '10.99.0.6',
  TTL: 'ttl= 64',
  loss: ' 0% packet loss',
  ResponseTime: '2.12 ms ' }
2016
2016-11
2016-11-13
2016-11-6
2016-11-20
2016-11-30
2016
2016-11
2016-11-20
2016-11-23
most recent ping:  RowDataPacket {
  date: 2016-11-30T23:00:02.000Z,
  hostname: 'saycel-2016',
  IP: '10.99.0.6',
  TTL: 'ttl= 64',
  loss: ' 0% packet loss',
  ResponseTime: '2.53 ms ' }
2016
listening on port 8080
2016
listening on port 8080
